c:\users\rb510\desktop\chessproject_group12final\project\debug\vc141.pdb
c:\users\rb510\desktop\chessproject_group12final\project\debug\vc141.idb
c:\users\rb510\desktop\chessproject_group12final\project\debug\soldiers.obj
c:\users\rb510\desktop\chessproject_group12final\project\debug\main.obj
c:\users\rb510\desktop\chessproject_group12final\project\debug\kings.obj
c:\users\rb510\desktop\chessproject_group12final\project\debug\keyin.obj
c:\users\rb510\desktop\chessproject_group12final\project\debug\horses.obj
c:\users\rb510\desktop\chessproject_group12final\project\debug\guards.obj
c:\users\rb510\desktop\chessproject_group12final\project\debug\elephants.obj
c:\users\rb510\desktop\chessproject_group12final\project\debug\document.obj
c:\users\rb510\desktop\chessproject_group12final\project\debug\display.obj
c:\users\rb510\desktop\chessproject_group12final\project\debug\cursor.obj
c:\users\rb510\desktop\chessproject_group12final\project\debug\chessboard.obj
c:\users\rb510\desktop\chessproject_group12final\project\debug\chessbase.obj
c:\users\rb510\desktop\chessproject_group12final\project\debug\chariots.obj
c:\users\rb510\desktop\chessproject_group12final\project\debug\cannons.obj
c:\users\rb510\desktop\chessproject_group12final\debug\project.exe
c:\users\rb510\desktop\chessproject_group12final\debug\project.ilk
c:\users\rb510\desktop\chessproject_group12final\debug\project.pdb
c:\users\rb510\desktop\chessproject_group12final\project\debug\project.tlog\cl.command.1.tlog
c:\users\rb510\desktop\chessproject_group12final\project\debug\project.tlog\cl.read.1.tlog
c:\users\rb510\desktop\chessproject_group12final\project\debug\project.tlog\cl.write.1.tlog
c:\users\rb510\desktop\chessproject_group12final\project\debug\project.tlog\link.command.1.tlog
c:\users\rb510\desktop\chessproject_group12final\project\debug\project.tlog\link.read.1.tlog
c:\users\rb510\desktop\chessproject_group12final\project\debug\project.tlog\link.write.1.tlog
